<?xml version="1.0" encoding="UTF-8"?>
<!-- Generated by org.testng.reporters.JUnitReportReporter -->
<testsuite hostname="Appu-Revu" failures="0" tests="1" name="packagemavtest.Fbloginmavtest" time="9.469" errors="0" timestamp="2023-03-22T19:20:50 IST" skipped="0">
  <testcase classname="packagemavtest.Fbloginmavtest" name="testlogin" time="9.469"/>
  <system-out/>
</testsuite> <!-- packagemavtest.Fbloginmavtest -->
